2015-07-06-19-25：林爱军 增加三个功能
1)将数据库中的用户ID按加入微信群的顺序进行排列；
2)记录用户最新一次的操作时间；
3)对于已取消关注的用户进行重新关注时不再插入新的用户信息，只是更新保留在原来数据库中的用户信息；
4)新建了一个数据库"UserContent"，存储所有用户输入的信息；
5)加入11、12、13、14、15快捷键，即不需要输入1再输入11、12、13、14、15，提高了灵活性；



2015-07-06-22-34 吴奇 增加Cron功能 V1.3
在config.yaml中增加Cron功能;
//每天03点05分启动wx_refreashStatus.php，对于已经结束对话4个小时的用户，将其RequestStatus设置为0
每4个小时启动wx_refreashStatus.php，对于已经结束对话4个小时的用户，将其RequestStatus设置为0

2015-07-07-12-53 吴奇 增加意见记录功能 V1.4
在wx_sample.php中增加了主页面中关于意见记录的提示
在wx_text.php中增加意见记录的函数

2015-07-07-15-47 吴奇 修改返回键 V1.5
前期使用#作为返回按键，为了便于用户使用，将其改为0。即输入“0”返回主页面


2015-07-07-16-00 吴奇 增加Counter功能 V1.6
使用Sae的Counter功能，用于计算网页的访问量。具体代码体现在wx_sample.php中。

2015-07-10-23-11 吴奇 完善了记事本功能 V1.7
增加了“删除记事本”的功能

2015-07-20-21-53 吴奇 修改了主提示语 V1.8
1、由于稍微宣传了一下，公测用户增多。一些用户直接发送序号之后的文字，或者“位置”二字，与预期不符，基于此对提示语进行完善。
2、将XiaoZhuShou.log改为README.log

2015-07-24-19-41 林爱军 更新了校车时刻表 V1.9
将7.18号之前的校车信息删除 修改了江宁去本部的校车信息